2021-12-01 17:37:35,274:INFO:matchms:derive_adduct_from_name:Removed adduct M-H from compound name.
2021-12-01 17:37:35,274:INFO:matchms:derive_adduct_from_name:Added adduct [M-H]- to metadata.
2021-12-01 17:37:35,274:INFO:matchms:derive_adduct_from_name:Removed adduct M-H from compound name.
2021-12-01 17:37:35,274:INFO:matchms:derive_adduct_from_name:Added adduct [M-H]- to metadata.
2021-12-01 17:37:35,274:INFO:matchms:derive_adduct_from_name:Removed adduct M+FA-H from compound name.
2021-12-01 17:37:35,274:INFO:matchms:derive_adduct_from_name:Added adduct [M+FA-H]- to metadata.
2021-12-01 17:37:35,274:INFO:matchms:derive_adduct_from_name:Removed adduct M-H from compound name.
2021-12-01 17:37:35,274:INFO:matchms:derive_adduct_from_name:Added adduct [M-H]- to metadata.
2021-12-01 17:37:35,274:INFO:matchms:derive_adduct_from_name:Removed adduct M-H from compound name.
2021-12-01 17:37:35,274:INFO:matchms:derive_adduct_from_name:Added adduct [M-H]- to metadata.
2021-12-01 17:37:35,274:INFO:matchms:derive_adduct_from_name:Removed adduct M+Cl from compound name.
2021-12-01 17:37:35,274:INFO:matchms:derive_adduct_from_name:Added adduct [M+Cl]- to metadata.
2021-12-01 17:37:35,274:INFO:matchms:derive_adduct_from_name:Removed adduct M+FA-H from compound name.
2021-12-01 17:37:35,274:INFO:matchms:derive_adduct_from_name:Added adduct [M+FA-H]- to metadata.
2021-12-01 17:37:35,274:INFO:matchms:derive_adduct_from_name:Removed adduct M-H from compound name.
2021-12-01 17:37:35,274:INFO:matchms:derive_adduct_from_name:Added adduct [M-H]- to metadata.
2021-12-01 17:37:35,274:INFO:matchms:derive_adduct_from_name:Removed adduct M-H from compound name.
2021-12-01 17:37:35,274:INFO:matchms:derive_adduct_from_name:Added adduct [M-H]- to metadata.
2021-12-01 17:37:35,274:INFO:matchms:derive_adduct_from_name:Removed adduct M-H from compound name.
2021-12-01 17:37:35,274:INFO:matchms:derive_adduct_from_name:Added adduct [M-H]- to metadata.
2021-12-01 17:37:35,274:INFO:matchms:derive_adduct_from_name:Removed adduct M-H from compound name.
2021-12-01 17:37:35,274:INFO:matchms:derive_adduct_from_name:Added adduct [M-H]- to metadata.
2021-12-01 17:37:35,274:INFO:matchms:derive_adduct_from_name:Removed adduct M-H from compound name.
2021-12-01 17:37:35,274:INFO:matchms:derive_adduct_from_name:Added adduct [M-H]- to metadata.
2021-12-01 17:37:35,274:INFO:matchms:derive_adduct_from_name:Removed adduct M-H from compound name.
2021-12-01 17:37:35,274:INFO:matchms:derive_adduct_from_name:Added adduct [M-H]- to metadata.
2021-12-01 17:37:35,274:INFO:matchms:derive_adduct_from_name:Removed adduct M-H from compound name.
2021-12-01 17:37:35,290:INFO:matchms:derive_adduct_from_name:Added adduct [M-H]- to metadata.
2021-12-01 17:37:35,290:INFO:matchms:derive_adduct_from_name:Removed adduct M-H2O-H from compound name.
2021-12-01 17:37:35,290:INFO:matchms:derive_adduct_from_name:Added adduct [M-H2O-H]- to metadata.
2021-12-01 17:37:35,290:INFO:matchms:derive_adduct_from_name:Removed adduct M+Cl from compound name.
2021-12-01 17:37:35,290:INFO:matchms:derive_adduct_from_name:Added adduct [M+Cl]- to metadata.
2021-12-01 17:37:35,290:INFO:matchms:derive_adduct_from_name:Removed adduct M-H from compound name.
2021-12-01 17:37:35,290:INFO:matchms:derive_adduct_from_name:Added adduct [M-H]- to metadata.
2021-12-01 17:37:35,290:INFO:matchms:derive_adduct_from_name:Removed adduct M-H from compound name.
2021-12-01 17:37:35,290:INFO:matchms:derive_adduct_from_name:Added adduct [M-H]- to metadata.
2021-12-01 17:37:35,290:INFO:matchms:derive_adduct_from_name:Removed adduct M-H from compound name.
2021-12-01 17:37:35,290:INFO:matchms:derive_adduct_from_name:Added adduct [M-H]- to metadata.
2021-12-01 17:37:35,290:INFO:matchms:derive_adduct_from_name:Removed adduct M-H from compound name.
2021-12-01 17:37:35,290:INFO:matchms:derive_adduct_from_name:Added adduct [M-H]- to metadata.
2021-12-01 17:37:35,290:INFO:matchms:derive_adduct_from_name:Removed adduct M-H from compound name.
2021-12-01 17:37:35,290:INFO:matchms:derive_adduct_from_name:Added adduct [M-H]- to metadata.
2021-12-01 17:37:35,290:INFO:matchms:derive_adduct_from_name:Removed adduct M+Cl from compound name.
2021-12-01 17:37:35,290:INFO:matchms:derive_adduct_from_name:Added adduct [M+Cl]- to metadata.
2021-12-01 17:37:35,290:INFO:matchms:derive_adduct_from_name:Removed adduct M-H from compound name.
2021-12-01 17:37:35,290:INFO:matchms:derive_adduct_from_name:Added adduct [M-H]- to metadata.
2021-12-01 17:37:35,290:INFO:matchms:derive_adduct_from_name:Removed adduct M-H from compound name.
2021-12-01 17:37:35,290:INFO:matchms:derive_adduct_from_name:Added adduct [M-H]- to metadata.
2021-12-01 17:37:35,290:INFO:matchms:derive_adduct_from_name:Removed adduct M-H from compound name.
2021-12-01 17:37:35,290:INFO:matchms:derive_adduct_from_name:Added adduct [M-H]- to metadata.
2021-12-01 17:37:35,290:INFO:matchms:derive_adduct_from_name:Removed adduct M-H from compound name.
2021-12-01 17:37:35,290:INFO:matchms:derive_adduct_from_name:Added adduct [M-H]- to metadata.
2021-12-01 17:37:35,290:INFO:matchms:derive_adduct_from_name:Removed adduct M-H from compound name.
2021-12-01 17:37:35,290:INFO:matchms:derive_adduct_from_name:Added adduct [M-H]- to metadata.
2021-12-01 17:37:35,290:INFO:matchms:derive_adduct_from_name:Removed adduct M-H from compound name.
2021-12-01 17:37:35,290:INFO:matchms:derive_adduct_from_name:Added adduct [M-H]- to metadata.
2021-12-01 17:37:35,290:INFO:matchms:derive_adduct_from_name:Removed adduct M-H from compound name.
2021-12-01 17:37:35,290:INFO:matchms:derive_adduct_from_name:Added adduct [M-H]- to metadata.
2021-12-01 17:37:35,290:INFO:matchms:derive_adduct_from_name:Removed adduct M-H from compound name.
2021-12-01 17:37:35,290:INFO:matchms:derive_adduct_from_name:Added adduct [M-H]- to metadata.
2021-12-01 17:37:35,290:INFO:matchms:derive_adduct_from_name:Removed adduct M-H from compound name.
2021-12-01 17:37:35,290:INFO:matchms:derive_adduct_from_name:Added adduct [M-H]- to metadata.
2021-12-01 17:37:35,290:INFO:matchms:derive_adduct_from_name:Removed adduct M+K-2H from compound name.
2021-12-01 17:37:35,290:INFO:matchms:derive_adduct_from_name:Added adduct [M+K-2H] to metadata.
2021-12-01 17:37:35,290:INFO:matchms:derive_adduct_from_name:Removed adduct M-H from compound name.
2021-12-01 17:37:35,290:INFO:matchms:derive_adduct_from_name:Added adduct [M-H]- to metadata.
2021-12-01 17:37:35,290:INFO:matchms:derive_adduct_from_name:Removed adduct M+Cl from compound name.
2021-12-01 17:37:35,290:INFO:matchms:derive_adduct_from_name:Added adduct [M+Cl]- to metadata.
2021-12-01 17:37:35,290:INFO:matchms:derive_adduct_from_name:Removed adduct M-H from compound name.
2021-12-01 17:37:35,290:INFO:matchms:derive_adduct_from_name:Added adduct [M-H]- to metadata.
2021-12-01 17:37:35,290:INFO:matchms:derive_adduct_from_name:Removed adduct M-H from compound name.
2021-12-01 17:37:35,290:INFO:matchms:derive_adduct_from_name:Added adduct [M-H]- to metadata.
2021-12-01 17:37:35,290:INFO:matchms:derive_adduct_from_name:Removed adduct M+Cl from compound name.
2021-12-01 17:37:35,290:INFO:matchms:derive_adduct_from_name:Added adduct [M+Cl]- to metadata.
2021-12-01 17:37:35,290:INFO:matchms:derive_adduct_from_name:Removed adduct M-H from compound name.
2021-12-01 17:37:35,290:INFO:matchms:derive_adduct_from_name:Added adduct [M-H]- to metadata.
2021-12-01 17:37:35,290:INFO:matchms:derive_adduct_from_name:Removed adduct M-H from compound name.
2021-12-01 17:37:35,290:INFO:matchms:derive_adduct_from_name:Added adduct [M-H]- to metadata.
2021-12-01 17:37:35,290:INFO:matchms:derive_adduct_from_name:Removed adduct M+Cl from compound name.
2021-12-01 17:37:35,290:INFO:matchms:derive_adduct_from_name:Added adduct [M+Cl]- to metadata.
2021-12-01 17:37:35,290:INFO:matchms:derive_adduct_from_name:Removed adduct M-H from compound name.
2021-12-01 17:37:35,290:INFO:matchms:derive_adduct_from_name:Added adduct [M-H]- to metadata.
2021-12-01 17:37:35,290:INFO:matchms:derive_adduct_from_name:Removed adduct M-H from compound name.
2021-12-01 17:37:35,290:INFO:matchms:derive_adduct_from_name:Added adduct [M-H]- to metadata.
2021-12-01 17:37:35,290:INFO:matchms:derive_adduct_from_name:Removed adduct M-H from compound name.
2021-12-01 17:37:35,290:INFO:matchms:derive_adduct_from_name:Added adduct [M-H]- to metadata.
2021-12-01 17:37:35,290:INFO:matchms:derive_adduct_from_name:Removed adduct M+FA-H from compound name.
2021-12-01 17:37:35,290:INFO:matchms:derive_adduct_from_name:Added adduct [M+FA-H]- to metadata.
2021-12-01 17:37:35,290:INFO:matchms:derive_adduct_from_name:Removed adduct M-H from compound name.
2021-12-01 17:37:35,290:INFO:matchms:derive_adduct_from_name:Added adduct [M-H]- to metadata.
2021-12-01 17:37:35,306:INFO:matchms:derive_adduct_from_name:Removed adduct M-H from compound name.
2021-12-01 17:37:35,306:INFO:matchms:derive_adduct_from_name:Added adduct [M-H]- to metadata.
2021-12-01 17:37:35,307:INFO:matchms:derive_adduct_from_name:Removed adduct M-H from compound name.
2021-12-01 17:37:35,307:INFO:matchms:derive_adduct_from_name:Added adduct [M-H]- to metadata.
2021-12-01 17:37:35,307:INFO:matchms:derive_adduct_from_name:Removed adduct M-H from compound name.
2021-12-01 17:37:35,307:INFO:matchms:derive_adduct_from_name:Added adduct [M-H]- to metadata.
2021-12-01 17:37:35,307:INFO:matchms:derive_adduct_from_name:Removed adduct M+Cl from compound name.
2021-12-01 17:37:35,307:INFO:matchms:derive_adduct_from_name:Added adduct [M+Cl]- to metadata.
2021-12-01 17:37:35,307:INFO:matchms:derive_adduct_from_name:Removed adduct M-H from compound name.
2021-12-01 17:37:35,307:INFO:matchms:derive_adduct_from_name:Added adduct [M-H]- to metadata.
2021-12-01 17:37:35,307:INFO:matchms:derive_adduct_from_name:Removed adduct M+FA-H from compound name.
2021-12-01 17:37:35,307:INFO:matchms:derive_adduct_from_name:Added adduct [M+FA-H]- to metadata.
2021-12-01 17:37:35,307:INFO:matchms:derive_adduct_from_name:Removed adduct M+FA-H from compound name.
2021-12-01 17:37:35,307:INFO:matchms:derive_adduct_from_name:Added adduct [M+FA-H]- to metadata.
2021-12-01 17:37:35,307:INFO:matchms:derive_adduct_from_name:Removed adduct M-H from compound name.
2021-12-01 17:37:35,307:INFO:matchms:derive_adduct_from_name:Added adduct [M-H]- to metadata.
2021-12-01 17:37:35,307:INFO:matchms:derive_adduct_from_name:Removed adduct M+FA-H from compound name.
2021-12-01 17:37:35,307:INFO:matchms:derive_adduct_from_name:Added adduct [M+FA-H]- to metadata.
2021-12-01 17:37:35,307:INFO:matchms:derive_adduct_from_name:Removed adduct M+Cl from compound name.
2021-12-01 17:37:35,307:INFO:matchms:derive_adduct_from_name:Added adduct [M+Cl]- to metadata.
2021-12-01 17:37:35,307:INFO:matchms:derive_adduct_from_name:Removed adduct M-H from compound name.
2021-12-01 17:37:35,307:INFO:matchms:derive_adduct_from_name:Added adduct [M-H]- to metadata.
2021-12-01 17:37:35,307:INFO:matchms:derive_adduct_from_name:Removed adduct M+FA-H from compound name.
2021-12-01 17:37:35,307:INFO:matchms:derive_adduct_from_name:Added adduct [M+FA-H]- to metadata.
2021-12-01 17:37:35,307:INFO:matchms:derive_adduct_from_name:Removed adduct M-H from compound name.
2021-12-01 17:37:35,307:INFO:matchms:derive_adduct_from_name:Added adduct [M-H]- to metadata.
2021-12-01 17:37:35,307:INFO:matchms:derive_adduct_from_name:Removed adduct M-H from compound name.
2021-12-01 17:37:35,307:INFO:matchms:derive_adduct_from_name:Added adduct [M-H]- to metadata.
2021-12-01 17:37:35,307:INFO:matchms:derive_adduct_from_name:Removed adduct M+Cl from compound name.
2021-12-01 17:37:35,307:INFO:matchms:derive_adduct_from_name:Added adduct [M+Cl]- to metadata.
2021-12-01 17:37:35,307:INFO:matchms:derive_adduct_from_name:Removed adduct M-H from compound name.
2021-12-01 17:37:35,307:INFO:matchms:derive_adduct_from_name:Added adduct [M-H]- to metadata.
2021-12-01 17:37:35,307:INFO:matchms:derive_adduct_from_name:Removed adduct M-H from compound name.
2021-12-01 17:37:35,307:INFO:matchms:derive_adduct_from_name:Added adduct [M-H]- to metadata.
2021-12-01 17:37:35,307:INFO:matchms:derive_adduct_from_name:Removed adduct M+FA-H from compound name.
2021-12-01 17:37:35,307:INFO:matchms:derive_adduct_from_name:Added adduct [M+FA-H]- to metadata.
2021-12-01 17:37:35,307:INFO:matchms:derive_adduct_from_name:Removed adduct M-H from compound name.
2021-12-01 17:37:35,307:INFO:matchms:derive_adduct_from_name:Added adduct [M-H]- to metadata.
2021-12-01 17:37:35,307:INFO:matchms:derive_adduct_from_name:Removed adduct M+Cl from compound name.
2021-12-01 17:37:35,307:INFO:matchms:derive_adduct_from_name:Added adduct [M+Cl]- to metadata.
2021-12-01 17:37:35,307:INFO:matchms:derive_adduct_from_name:Removed adduct M-H from compound name.
2021-12-01 17:37:35,307:INFO:matchms:derive_adduct_from_name:Added adduct [M-H]- to metadata.
2021-12-01 17:37:35,307:INFO:matchms:derive_adduct_from_name:Removed adduct M-H from compound name.
2021-12-01 17:37:35,307:INFO:matchms:derive_adduct_from_name:Added adduct [M-H]- to metadata.
2021-12-01 17:37:35,307:INFO:matchms:derive_adduct_from_name:Removed adduct M+Cl from compound name.
2021-12-01 17:37:35,307:INFO:matchms:derive_adduct_from_name:Added adduct [M+Cl]- to metadata.
2021-12-01 17:37:35,307:INFO:matchms:derive_adduct_from_name:Removed adduct M-H from compound name.
2021-12-01 17:37:35,307:INFO:matchms:derive_adduct_from_name:Added adduct [M-H]- to metadata.
2021-12-01 17:37:35,307:INFO:matchms:derive_adduct_from_name:Removed adduct M-H from compound name.
2021-12-01 17:37:35,307:INFO:matchms:derive_adduct_from_name:Added adduct [M-H]- to metadata.
2021-12-01 17:37:35,307:INFO:matchms:derive_adduct_from_name:Removed adduct M-H from compound name.
2021-12-01 17:37:35,307:INFO:matchms:derive_adduct_from_name:Added adduct [M-H]- to metadata.
2021-12-01 17:37:35,307:INFO:matchms:derive_adduct_from_name:Removed adduct M+Cl from compound name.
2021-12-01 17:37:35,307:INFO:matchms:derive_adduct_from_name:Added adduct [M+Cl]- to metadata.
2021-12-01 17:37:35,307:INFO:matchms:derive_adduct_from_name:Removed adduct M-H from compound name.
2021-12-01 17:37:35,307:INFO:matchms:derive_adduct_from_name:Added adduct [M-H]- to metadata.
2021-12-01 17:37:35,307:INFO:matchms:derive_adduct_from_name:Removed adduct M-H from compound name.
2021-12-01 17:37:35,307:INFO:matchms:derive_adduct_from_name:Added adduct [M-H]- to metadata.
2021-12-01 17:37:35,307:INFO:matchms:derive_adduct_from_name:Removed adduct M+Cl from compound name.
2021-12-01 17:37:35,322:INFO:matchms:derive_adduct_from_name:Added adduct [M+Cl]- to metadata.
2021-12-01 17:37:35,322:INFO:matchms:derive_adduct_from_name:Removed adduct M-H from compound name.
2021-12-01 17:37:35,322:INFO:matchms:derive_adduct_from_name:Added adduct [M-H]- to metadata.
