Removed adduct M-H from compound name.
Added adduct [M-H]- to metadata.
Removed adduct M-H from compound name.
Added adduct [M-H]- to metadata.
Removed adduct M+FA-H from compound name.
Added adduct [M+FA-H]- to metadata.
Removed adduct M-H from compound name.
Added adduct [M-H]- to metadata.
Removed adduct M-H from compound name.
Added adduct [M-H]- to metadata.
Removed adduct M+Cl from compound name.
Added adduct [M+Cl]- to metadata.
Removed adduct M+FA-H from compound name.
Added adduct [M+FA-H]- to metadata.
Removed adduct M-H from compound name.
Added adduct [M-H]- to metadata.
Removed adduct M-H from compound name.
Added adduct [M-H]- to metadata.
Removed adduct M-H from compound name.
Added adduct [M-H]- to metadata.
Removed adduct M-H from compound name.
Added adduct [M-H]- to metadata.
Removed adduct M-H from compound name.
Added adduct [M-H]- to metadata.
Removed adduct M-H from compound name.
Added adduct [M-H]- to metadata.
Removed adduct M-H from compound name.
Added adduct [M-H]- to metadata.
Removed adduct M-H2O-H from compound name.
Added adduct [M-H2O-H]- to metadata.
Removed adduct M+Cl from compound name.
Added adduct [M+Cl]- to metadata.
Removed adduct M-H from compound name.
Added adduct [M-H]- to metadata.
Removed adduct M-H from compound name.
Added adduct [M-H]- to metadata.
Removed adduct M-H from compound name.
Added adduct [M-H]- to metadata.
Removed adduct M-H from compound name.
Added adduct [M-H]- to metadata.
Removed adduct M-H from compound name.
Added adduct [M-H]- to metadata.
Removed adduct M+Cl from compound name.
Added adduct [M+Cl]- to metadata.
Removed adduct M-H from compound name.
Added adduct [M-H]- to metadata.
Removed adduct M-H from compound name.
Added adduct [M-H]- to metadata.
Removed adduct M-H from compound name.
Added adduct [M-H]- to metadata.
Removed adduct M-H from compound name.
Added adduct [M-H]- to metadata.
Removed adduct M-H from compound name.
Added adduct [M-H]- to metadata.
Removed adduct M-H from compound name.
Added adduct [M-H]- to metadata.
Removed adduct M-H from compound name.
Added adduct [M-H]- to metadata.
Removed adduct M-H from compound name.
Added adduct [M-H]- to metadata.
Removed adduct M-H from compound name.
Added adduct [M-H]- to metadata.
Removed adduct M+K-2H from compound name.
Added adduct [M+K-2H] to metadata.
Removed adduct M-H from compound name.
Added adduct [M-H]- to metadata.
Removed adduct M+Cl from compound name.
Added adduct [M+Cl]- to metadata.
Removed adduct M-H from compound name.
Added adduct [M-H]- to metadata.
Removed adduct M-H from compound name.
Added adduct [M-H]- to metadata.
Removed adduct M+Cl from compound name.
Added adduct [M+Cl]- to metadata.
Removed adduct M-H from compound name.
Added adduct [M-H]- to metadata.
Removed adduct M-H from compound name.
Added adduct [M-H]- to metadata.
Removed adduct M+Cl from compound name.
Added adduct [M+Cl]- to metadata.
Removed adduct M-H from compound name.
Added adduct [M-H]- to metadata.
Removed adduct M-H from compound name.
Added adduct [M-H]- to metadata.
Removed adduct M-H from compound name.
Added adduct [M-H]- to metadata.
Removed adduct M+FA-H from compound name.
Added adduct [M+FA-H]- to metadata.
Removed adduct M-H from compound name.
Added adduct [M-H]- to metadata.
Removed adduct M-H from compound name.
Added adduct [M-H]- to metadata.
Removed adduct M-H from compound name.
Added adduct [M-H]- to metadata.
Removed adduct M-H from compound name.
Added adduct [M-H]- to metadata.
Removed adduct M+Cl from compound name.
Added adduct [M+Cl]- to metadata.
Removed adduct M-H from compound name.
Added adduct [M-H]- to metadata.
Removed adduct M+FA-H from compound name.
Added adduct [M+FA-H]- to metadata.
Removed adduct M+FA-H from compound name.
Added adduct [M+FA-H]- to metadata.
Removed adduct M-H from compound name.
Added adduct [M-H]- to metadata.
Removed adduct M+FA-H from compound name.
Added adduct [M+FA-H]- to metadata.
Removed adduct M+Cl from compound name.
Added adduct [M+Cl]- to metadata.
Removed adduct M-H from compound name.
Added adduct [M-H]- to metadata.
Removed adduct M+FA-H from compound name.
Added adduct [M+FA-H]- to metadata.
Removed adduct M-H from compound name.
Added adduct [M-H]- to metadata.
Removed adduct M-H from compound name.
Added adduct [M-H]- to metadata.
Removed adduct M+Cl from compound name.
Added adduct [M+Cl]- to metadata.
Removed adduct M-H from compound name.
Added adduct [M-H]- to metadata.
Removed adduct M-H from compound name.
Added adduct [M-H]- to metadata.
Removed adduct M+FA-H from compound name.
Added adduct [M+FA-H]- to metadata.
Removed adduct M-H from compound name.
Added adduct [M-H]- to metadata.
Removed adduct M+Cl from compound name.
Added adduct [M+Cl]- to metadata.
Removed adduct M-H from compound name.
Added adduct [M-H]- to metadata.
Removed adduct M-H from compound name.
Added adduct [M-H]- to metadata.
Removed adduct M+Cl from compound name.
Added adduct [M+Cl]- to metadata.
Removed adduct M-H from compound name.
Added adduct [M-H]- to metadata.
Removed adduct M-H from compound name.
Added adduct [M-H]- to metadata.
Removed adduct M-H from compound name.
Added adduct [M-H]- to metadata.
Removed adduct M+Cl from compound name.
Added adduct [M+Cl]- to metadata.
Removed adduct M-H from compound name.
Added adduct [M-H]- to metadata.
Removed adduct M-H from compound name.
Added adduct [M-H]- to metadata.
Removed adduct M+Cl from compound name.
Added adduct [M+Cl]- to metadata.
Removed adduct M-H from compound name.
Added adduct [M-H]- to metadata.
Completed configuring matchms logger.
