Removed adduct M-H from compound name.
Added adduct [M-H]- to metadata.
Removed adduct M-H from compound name.
Added adduct [M-H]- to metadata.
Removed adduct M+FA-H from compound name.
Added adduct [M+FA-H]- to metadata.
Removed adduct M-H from compound name.
Added adduct [M-H]- to metadata.
Removed adduct M-H from compound name.
Added adduct [M-H]- to metadata.
Removed adduct M+Cl from compound name.
Added adduct [M+Cl]- to metadata.
Removed adduct M+FA-H from compound name.
Added adduct [M+FA-H]- to metadata.
Removed adduct M-H from compound name.
Added adduct [M-H]- to metadata.
Removed adduct M-H from compound name.
Added adduct [M-H]- to metadata.
Removed adduct M-H from compound name.
Added adduct [M-H]- to metadata.
Removed adduct M-H from compound name.
Added adduct [M-H]- to metadata.
Removed adduct M-H from compound name.
Added adduct [M-H]- to metadata.
Removed adduct M-H from compound name.
Added adduct [M-H]- to metadata.
Removed adduct M-H from compound name.
Added adduct [M-H]- to metadata.
Removed adduct M-H2O-H from compound name.
Added adduct [M-H2O-H]- to metadata.
Removed adduct M+Cl from compound name.
Added adduct [M+Cl]- to metadata.
Removed adduct M-H from compound name.
Added adduct [M-H]- to metadata.
Removed adduct M-H from compound name.
Added adduct [M-H]- to metadata.
Removed adduct M-H from compound name.
Added adduct [M-H]- to metadata.
Removed adduct M-H from compound name.
Added adduct [M-H]- to metadata.
Removed adduct M-H from compound name.
Added adduct [M-H]- to metadata.
Removed adduct M+Cl from compound name.
Added adduct [M+Cl]- to metadata.
Removed adduct M-H from compound name.
Added adduct [M-H]- to metadata.
Removed adduct M-H from compound name.
Added adduct [M-H]- to metadata.
Removed adduct M-H from compound name.
Added adduct [M-H]- to metadata.
Removed adduct M-H from compound name.
Added adduct [M-H]- to metadata.
Removed adduct M-H from compound name.
Added adduct [M-H]- to metadata.
Removed adduct M-H from compound name.
Added adduct [M-H]- to metadata.
Removed adduct M-H from compound name.
Added adduct [M-H]- to metadata.
Removed adduct M-H from compound name.
Added adduct [M-H]- to metadata.
Removed adduct M-H from compound name.
Added adduct [M-H]- to metadata.
Removed adduct M+K-2H from compound name.
Added adduct [M+K-2H] to metadata.
Removed adduct M-H from compound name.
Added adduct [M-H]- to metadata.
Removed adduct M+Cl from compound name.
Added adduct [M+Cl]- to metadata.
Removed adduct M-H from compound name.
Added adduct [M-H]- to metadata.
Removed adduct M-H from compound name.
Added adduct [M-H]- to metadata.
Removed adduct M+Cl from compound name.
Added adduct [M+Cl]- to metadata.
Removed adduct M-H from compound name.
Added adduct [M-H]- to metadata.
Removed adduct M-H from compound name.
Added adduct [M-H]- to metadata.
Removed adduct M+Cl from compound name.
Added adduct [M+Cl]- to metadata.
Removed adduct M-H from compound name.
Added adduct [M-H]- to metadata.
Removed adduct M-H from compound name.
Added adduct [M-H]- to metadata.
Removed adduct M-H from compound name.
Added adduct [M-H]- to metadata.
Removed adduct M+FA-H from compound name.
Added adduct [M+FA-H]- to metadata.
Removed adduct M-H from compound name.
Added adduct [M-H]- to metadata.
Removed adduct M-H from compound name.
Added adduct [M-H]- to metadata.
Removed adduct M-H from compound name.
Added adduct [M-H]- to metadata.
Removed adduct M-H from compound name.
Added adduct [M-H]- to metadata.
Removed adduct M+Cl from compound name.
Added adduct [M+Cl]- to metadata.
Removed adduct M-H from compound name.
Added adduct [M-H]- to metadata.
Removed adduct M+FA-H from compound name.
Added adduct [M+FA-H]- to metadata.
Removed adduct M+FA-H from compound name.
Added adduct [M+FA-H]- to metadata.
Removed adduct M-H from compound name.
Added adduct [M-H]- to metadata.
Removed adduct M+FA-H from compound name.
Added adduct [M+FA-H]- to metadata.
Removed adduct M+Cl from compound name.
Added adduct [M+Cl]- to metadata.
Removed adduct M-H from compound name.
Added adduct [M-H]- to metadata.
Removed adduct M+FA-H from compound name.
Added adduct [M+FA-H]- to metadata.
Removed adduct M-H from compound name.
Added adduct [M-H]- to metadata.
Removed adduct M-H from compound name.
Added adduct [M-H]- to metadata.
Removed adduct M+Cl from compound name.
Added adduct [M+Cl]- to metadata.
Removed adduct M-H from compound name.
Added adduct [M-H]- to metadata.
Removed adduct M-H from compound name.
Added adduct [M-H]- to metadata.
Removed adduct M+FA-H from compound name.
Added adduct [M+FA-H]- to metadata.
Removed adduct M-H from compound name.
Added adduct [M-H]- to metadata.
Removed adduct M+Cl from compound name.
Added adduct [M+Cl]- to metadata.
Removed adduct M-H from compound name.
Added adduct [M-H]- to metadata.
Removed adduct M-H from compound name.
Added adduct [M-H]- to metadata.
Removed adduct M+Cl from compound name.
Added adduct [M+Cl]- to metadata.
Removed adduct M-H from compound name.
Added adduct [M-H]- to metadata.
Removed adduct M-H from compound name.
Added adduct [M-H]- to metadata.
Removed adduct M-H from compound name.
Added adduct [M-H]- to metadata.
Removed adduct M+Cl from compound name.
Added adduct [M+Cl]- to metadata.
Removed adduct M-H from compound name.
Added adduct [M-H]- to metadata.
Removed adduct M-H from compound name.
Added adduct [M-H]- to metadata.
Removed adduct M+Cl from compound name.
Added adduct [M+Cl]- to metadata.
Removed adduct M-H from compound name.
Added adduct [M-H]- to metadata.
Removed adduct M-H from compound name.
Added adduct [M-H]- to metadata.
Removed adduct M-H from compound name.
Added adduct [M-H]- to metadata.
Removed adduct M+FA-H from compound name.
Added adduct [M+FA-H]- to metadata.
Removed adduct M-H from compound name.
Added adduct [M-H]- to metadata.
Removed adduct M-H from compound name.
Added adduct [M-H]- to metadata.
Removed adduct M+Cl from compound name.
Added adduct [M+Cl]- to metadata.
Removed adduct M+FA-H from compound name.
Added adduct [M+FA-H]- to metadata.
Removed adduct M-H from compound name.
Added adduct [M-H]- to metadata.
Removed adduct M-H from compound name.
Added adduct [M-H]- to metadata.
Removed adduct M-H from compound name.
Added adduct [M-H]- to metadata.
Removed adduct M-H from compound name.
Added adduct [M-H]- to metadata.
Removed adduct M-H from compound name.
Added adduct [M-H]- to metadata.
Removed adduct M-H from compound name.
Added adduct [M-H]- to metadata.
Removed adduct M-H from compound name.
Added adduct [M-H]- to metadata.
Removed adduct M-H2O-H from compound name.
Added adduct [M-H2O-H]- to metadata.
Removed adduct M+Cl from compound name.
Added adduct [M+Cl]- to metadata.
Removed adduct M-H from compound name.
Added adduct [M-H]- to metadata.
Removed adduct M-H from compound name.
Added adduct [M-H]- to metadata.
Removed adduct M-H from compound name.
Added adduct [M-H]- to metadata.
Removed adduct M-H from compound name.
Added adduct [M-H]- to metadata.
Removed adduct M-H from compound name.
Added adduct [M-H]- to metadata.
Removed adduct M+Cl from compound name.
Added adduct [M+Cl]- to metadata.
Removed adduct M-H from compound name.
Added adduct [M-H]- to metadata.
Removed adduct M-H from compound name.
Added adduct [M-H]- to metadata.
Removed adduct M-H from compound name.
Added adduct [M-H]- to metadata.
Removed adduct M-H from compound name.
Added adduct [M-H]- to metadata.
Removed adduct M-H from compound name.
Added adduct [M-H]- to metadata.
Removed adduct M-H from compound name.
Added adduct [M-H]- to metadata.
Removed adduct M-H from compound name.
Added adduct [M-H]- to metadata.
Removed adduct M-H from compound name.
Added adduct [M-H]- to metadata.
Removed adduct M-H from compound name.
Added adduct [M-H]- to metadata.
Removed adduct M+K-2H from compound name.
Added adduct [M+K-2H] to metadata.
Removed adduct M-H from compound name.
Added adduct [M-H]- to metadata.
Removed adduct M+Cl from compound name.
Added adduct [M+Cl]- to metadata.
Removed adduct M-H from compound name.
Added adduct [M-H]- to metadata.
Removed adduct M-H from compound name.
Added adduct [M-H]- to metadata.
Removed adduct M+Cl from compound name.
Added adduct [M+Cl]- to metadata.
Removed adduct M-H from compound name.
Added adduct [M-H]- to metadata.
Removed adduct M-H from compound name.
Added adduct [M-H]- to metadata.
Removed adduct M+Cl from compound name.
Added adduct [M+Cl]- to metadata.
Removed adduct M-H from compound name.
Added adduct [M-H]- to metadata.
Removed adduct M-H from compound name.
Added adduct [M-H]- to metadata.
Removed adduct M-H from compound name.
Added adduct [M-H]- to metadata.
Removed adduct M+FA-H from compound name.
Added adduct [M+FA-H]- to metadata.
Removed adduct M-H from compound name.
Added adduct [M-H]- to metadata.
Removed adduct M-H from compound name.
Added adduct [M-H]- to metadata.
Removed adduct M-H from compound name.
Added adduct [M-H]- to metadata.
Removed adduct M-H from compound name.
Added adduct [M-H]- to metadata.
Removed adduct M+Cl from compound name.
Added adduct [M+Cl]- to metadata.
Removed adduct M-H from compound name.
Added adduct [M-H]- to metadata.
Removed adduct M+FA-H from compound name.
Added adduct [M+FA-H]- to metadata.
Removed adduct M+FA-H from compound name.
Added adduct [M+FA-H]- to metadata.
Removed adduct M-H from compound name.
Added adduct [M-H]- to metadata.
Removed adduct M+FA-H from compound name.
Added adduct [M+FA-H]- to metadata.
Removed adduct M+Cl from compound name.
Added adduct [M+Cl]- to metadata.
Removed adduct M-H from compound name.
Added adduct [M-H]- to metadata.
Removed adduct M+FA-H from compound name.
Added adduct [M+FA-H]- to metadata.
Removed adduct M-H from compound name.
Added adduct [M-H]- to metadata.
Removed adduct M-H from compound name.
Added adduct [M-H]- to metadata.
Removed adduct M+Cl from compound name.
Added adduct [M+Cl]- to metadata.
Removed adduct M-H from compound name.
Added adduct [M-H]- to metadata.
Removed adduct M-H from compound name.
Added adduct [M-H]- to metadata.
Removed adduct M+FA-H from compound name.
Added adduct [M+FA-H]- to metadata.
Removed adduct M-H from compound name.
Added adduct [M-H]- to metadata.
Removed adduct M+Cl from compound name.
Added adduct [M+Cl]- to metadata.
Removed adduct M-H from compound name.
Added adduct [M-H]- to metadata.
Removed adduct M-H from compound name.
Added adduct [M-H]- to metadata.
Removed adduct M+Cl from compound name.
Added adduct [M+Cl]- to metadata.
Removed adduct M-H from compound name.
Added adduct [M-H]- to metadata.
Removed adduct M-H from compound name.
Added adduct [M-H]- to metadata.
Removed adduct M-H from compound name.
Added adduct [M-H]- to metadata.
Removed adduct M+Cl from compound name.
Added adduct [M+Cl]- to metadata.
Removed adduct M-H from compound name.
Added adduct [M-H]- to metadata.
Removed adduct M-H from compound name.
Added adduct [M-H]- to metadata.
Removed adduct M+Cl from compound name.
Added adduct [M+Cl]- to metadata.
Removed adduct M-H from compound name.
Added adduct [M-H]- to metadata.
Removed adduct M-H from compound name.
2021-12-01 17:34:52,211:INFO:matchms:derive_adduct_from_name:Removed adduct M-H from compound name.
Added adduct [M-H]- to metadata.
2021-12-01 17:34:52,211:INFO:matchms:derive_adduct_from_name:Added adduct [M-H]- to metadata.
Removed adduct M-H from compound name.
2021-12-01 17:34:52,211:INFO:matchms:derive_adduct_from_name:Removed adduct M-H from compound name.
Added adduct [M-H]- to metadata.
2021-12-01 17:34:52,211:INFO:matchms:derive_adduct_from_name:Added adduct [M-H]- to metadata.
Removed adduct M+FA-H from compound name.
2021-12-01 17:34:52,211:INFO:matchms:derive_adduct_from_name:Removed adduct M+FA-H from compound name.
Added adduct [M+FA-H]- to metadata.
2021-12-01 17:34:52,211:INFO:matchms:derive_adduct_from_name:Added adduct [M+FA-H]- to metadata.
Removed adduct M-H from compound name.
2021-12-01 17:34:52,211:INFO:matchms:derive_adduct_from_name:Removed adduct M-H from compound name.
Added adduct [M-H]- to metadata.
2021-12-01 17:34:52,211:INFO:matchms:derive_adduct_from_name:Added adduct [M-H]- to metadata.
Removed adduct M-H from compound name.
2021-12-01 17:34:52,211:INFO:matchms:derive_adduct_from_name:Removed adduct M-H from compound name.
Added adduct [M-H]- to metadata.
2021-12-01 17:34:52,211:INFO:matchms:derive_adduct_from_name:Added adduct [M-H]- to metadata.
Removed adduct M+Cl from compound name.
2021-12-01 17:34:52,211:INFO:matchms:derive_adduct_from_name:Removed adduct M+Cl from compound name.
Added adduct [M+Cl]- to metadata.
2021-12-01 17:34:52,211:INFO:matchms:derive_adduct_from_name:Added adduct [M+Cl]- to metadata.
Removed adduct M+FA-H from compound name.
2021-12-01 17:34:52,211:INFO:matchms:derive_adduct_from_name:Removed adduct M+FA-H from compound name.
Added adduct [M+FA-H]- to metadata.
2021-12-01 17:34:52,211:INFO:matchms:derive_adduct_from_name:Added adduct [M+FA-H]- to metadata.
Removed adduct M-H from compound name.
2021-12-01 17:34:52,211:INFO:matchms:derive_adduct_from_name:Removed adduct M-H from compound name.
Added adduct [M-H]- to metadata.
2021-12-01 17:34:52,211:INFO:matchms:derive_adduct_from_name:Added adduct [M-H]- to metadata.
Removed adduct M-H from compound name.
2021-12-01 17:34:52,211:INFO:matchms:derive_adduct_from_name:Removed adduct M-H from compound name.
Added adduct [M-H]- to metadata.
2021-12-01 17:34:52,211:INFO:matchms:derive_adduct_from_name:Added adduct [M-H]- to metadata.
Removed adduct M-H from compound name.
2021-12-01 17:34:52,211:INFO:matchms:derive_adduct_from_name:Removed adduct M-H from compound name.
Added adduct [M-H]- to metadata.
2021-12-01 17:34:52,211:INFO:matchms:derive_adduct_from_name:Added adduct [M-H]- to metadata.
Removed adduct M-H from compound name.
2021-12-01 17:34:52,211:INFO:matchms:derive_adduct_from_name:Removed adduct M-H from compound name.
Added adduct [M-H]- to metadata.
2021-12-01 17:34:52,211:INFO:matchms:derive_adduct_from_name:Added adduct [M-H]- to metadata.
Removed adduct M-H from compound name.
2021-12-01 17:34:52,211:INFO:matchms:derive_adduct_from_name:Removed adduct M-H from compound name.
Added adduct [M-H]- to metadata.
2021-12-01 17:34:52,211:INFO:matchms:derive_adduct_from_name:Added adduct [M-H]- to metadata.
Removed adduct M-H from compound name.
2021-12-01 17:34:52,211:INFO:matchms:derive_adduct_from_name:Removed adduct M-H from compound name.
Added adduct [M-H]- to metadata.
2021-12-01 17:34:52,211:INFO:matchms:derive_adduct_from_name:Added adduct [M-H]- to metadata.
Removed adduct M-H from compound name.
2021-12-01 17:34:52,211:INFO:matchms:derive_adduct_from_name:Removed adduct M-H from compound name.
Added adduct [M-H]- to metadata.
2021-12-01 17:34:52,211:INFO:matchms:derive_adduct_from_name:Added adduct [M-H]- to metadata.
Removed adduct M-H2O-H from compound name.
2021-12-01 17:34:52,211:INFO:matchms:derive_adduct_from_name:Removed adduct M-H2O-H from compound name.
Added adduct [M-H2O-H]- to metadata.
2021-12-01 17:34:52,211:INFO:matchms:derive_adduct_from_name:Added adduct [M-H2O-H]- to metadata.
Removed adduct M+Cl from compound name.
2021-12-01 17:34:52,211:INFO:matchms:derive_adduct_from_name:Removed adduct M+Cl from compound name.
Added adduct [M+Cl]- to metadata.
2021-12-01 17:34:52,211:INFO:matchms:derive_adduct_from_name:Added adduct [M+Cl]- to metadata.
Removed adduct M-H from compound name.
2021-12-01 17:34:52,211:INFO:matchms:derive_adduct_from_name:Removed adduct M-H from compound name.
Added adduct [M-H]- to metadata.
2021-12-01 17:34:52,211:INFO:matchms:derive_adduct_from_name:Added adduct [M-H]- to metadata.
Removed adduct M-H from compound name.
2021-12-01 17:34:52,211:INFO:matchms:derive_adduct_from_name:Removed adduct M-H from compound name.
Added adduct [M-H]- to metadata.
2021-12-01 17:34:52,211:INFO:matchms:derive_adduct_from_name:Added adduct [M-H]- to metadata.
Removed adduct M-H from compound name.
2021-12-01 17:34:52,227:INFO:matchms:derive_adduct_from_name:Removed adduct M-H from compound name.
Added adduct [M-H]- to metadata.
2021-12-01 17:34:52,227:INFO:matchms:derive_adduct_from_name:Added adduct [M-H]- to metadata.
Removed adduct M-H from compound name.
2021-12-01 17:34:52,227:INFO:matchms:derive_adduct_from_name:Removed adduct M-H from compound name.
Added adduct [M-H]- to metadata.
2021-12-01 17:34:52,227:INFO:matchms:derive_adduct_from_name:Added adduct [M-H]- to metadata.
Removed adduct M-H from compound name.
2021-12-01 17:34:52,228:INFO:matchms:derive_adduct_from_name:Removed adduct M-H from compound name.
Added adduct [M-H]- to metadata.
2021-12-01 17:34:52,228:INFO:matchms:derive_adduct_from_name:Added adduct [M-H]- to metadata.
Removed adduct M+Cl from compound name.
2021-12-01 17:34:52,228:INFO:matchms:derive_adduct_from_name:Removed adduct M+Cl from compound name.
Added adduct [M+Cl]- to metadata.
2021-12-01 17:34:52,228:INFO:matchms:derive_adduct_from_name:Added adduct [M+Cl]- to metadata.
Removed adduct M-H from compound name.
2021-12-01 17:34:52,228:INFO:matchms:derive_adduct_from_name:Removed adduct M-H from compound name.
Added adduct [M-H]- to metadata.
2021-12-01 17:34:52,228:INFO:matchms:derive_adduct_from_name:Added adduct [M-H]- to metadata.
Removed adduct M-H from compound name.
2021-12-01 17:34:52,228:INFO:matchms:derive_adduct_from_name:Removed adduct M-H from compound name.
Added adduct [M-H]- to metadata.
2021-12-01 17:34:52,228:INFO:matchms:derive_adduct_from_name:Added adduct [M-H]- to metadata.
Removed adduct M-H from compound name.
2021-12-01 17:34:52,228:INFO:matchms:derive_adduct_from_name:Removed adduct M-H from compound name.
Added adduct [M-H]- to metadata.
2021-12-01 17:34:52,228:INFO:matchms:derive_adduct_from_name:Added adduct [M-H]- to metadata.
Removed adduct M-H from compound name.
2021-12-01 17:34:52,228:INFO:matchms:derive_adduct_from_name:Removed adduct M-H from compound name.
Added adduct [M-H]- to metadata.
2021-12-01 17:34:52,228:INFO:matchms:derive_adduct_from_name:Added adduct [M-H]- to metadata.
Removed adduct M-H from compound name.
2021-12-01 17:34:52,228:INFO:matchms:derive_adduct_from_name:Removed adduct M-H from compound name.
Added adduct [M-H]- to metadata.
2021-12-01 17:34:52,228:INFO:matchms:derive_adduct_from_name:Added adduct [M-H]- to metadata.
Removed adduct M-H from compound name.
2021-12-01 17:34:52,228:INFO:matchms:derive_adduct_from_name:Removed adduct M-H from compound name.
Added adduct [M-H]- to metadata.
2021-12-01 17:34:52,228:INFO:matchms:derive_adduct_from_name:Added adduct [M-H]- to metadata.
Removed adduct M-H from compound name.
2021-12-01 17:34:52,228:INFO:matchms:derive_adduct_from_name:Removed adduct M-H from compound name.
Added adduct [M-H]- to metadata.
2021-12-01 17:34:52,228:INFO:matchms:derive_adduct_from_name:Added adduct [M-H]- to metadata.
Removed adduct M-H from compound name.
2021-12-01 17:34:52,228:INFO:matchms:derive_adduct_from_name:Removed adduct M-H from compound name.
Added adduct [M-H]- to metadata.
2021-12-01 17:34:52,228:INFO:matchms:derive_adduct_from_name:Added adduct [M-H]- to metadata.
Removed adduct M-H from compound name.
2021-12-01 17:34:52,228:INFO:matchms:derive_adduct_from_name:Removed adduct M-H from compound name.
Added adduct [M-H]- to metadata.
2021-12-01 17:34:52,228:INFO:matchms:derive_adduct_from_name:Added adduct [M-H]- to metadata.
Removed adduct M+K-2H from compound name.
2021-12-01 17:34:52,228:INFO:matchms:derive_adduct_from_name:Removed adduct M+K-2H from compound name.
Added adduct [M+K-2H] to metadata.
2021-12-01 17:34:52,228:INFO:matchms:derive_adduct_from_name:Added adduct [M+K-2H] to metadata.
Removed adduct M-H from compound name.
2021-12-01 17:34:52,228:INFO:matchms:derive_adduct_from_name:Removed adduct M-H from compound name.
Added adduct [M-H]- to metadata.
2021-12-01 17:34:52,228:INFO:matchms:derive_adduct_from_name:Added adduct [M-H]- to metadata.
Removed adduct M+Cl from compound name.
2021-12-01 17:34:52,228:INFO:matchms:derive_adduct_from_name:Removed adduct M+Cl from compound name.
Added adduct [M+Cl]- to metadata.
2021-12-01 17:34:52,228:INFO:matchms:derive_adduct_from_name:Added adduct [M+Cl]- to metadata.
Removed adduct M-H from compound name.
2021-12-01 17:34:52,228:INFO:matchms:derive_adduct_from_name:Removed adduct M-H from compound name.
Added adduct [M-H]- to metadata.
2021-12-01 17:34:52,228:INFO:matchms:derive_adduct_from_name:Added adduct [M-H]- to metadata.
Removed adduct M-H from compound name.
2021-12-01 17:34:52,228:INFO:matchms:derive_adduct_from_name:Removed adduct M-H from compound name.
Added adduct [M-H]- to metadata.
2021-12-01 17:34:52,228:INFO:matchms:derive_adduct_from_name:Added adduct [M-H]- to metadata.
Removed adduct M+Cl from compound name.
2021-12-01 17:34:52,228:INFO:matchms:derive_adduct_from_name:Removed adduct M+Cl from compound name.
Added adduct [M+Cl]- to metadata.
2021-12-01 17:34:52,228:INFO:matchms:derive_adduct_from_name:Added adduct [M+Cl]- to metadata.
Removed adduct M-H from compound name.
2021-12-01 17:34:52,228:INFO:matchms:derive_adduct_from_name:Removed adduct M-H from compound name.
Added adduct [M-H]- to metadata.
2021-12-01 17:34:52,228:INFO:matchms:derive_adduct_from_name:Added adduct [M-H]- to metadata.
Removed adduct M-H from compound name.
2021-12-01 17:34:52,228:INFO:matchms:derive_adduct_from_name:Removed adduct M-H from compound name.
Added adduct [M-H]- to metadata.
2021-12-01 17:34:52,228:INFO:matchms:derive_adduct_from_name:Added adduct [M-H]- to metadata.
Removed adduct M+Cl from compound name.
2021-12-01 17:34:52,228:INFO:matchms:derive_adduct_from_name:Removed adduct M+Cl from compound name.
Added adduct [M+Cl]- to metadata.
2021-12-01 17:34:52,228:INFO:matchms:derive_adduct_from_name:Added adduct [M+Cl]- to metadata.
Removed adduct M-H from compound name.
2021-12-01 17:34:52,228:INFO:matchms:derive_adduct_from_name:Removed adduct M-H from compound name.
Added adduct [M-H]- to metadata.
2021-12-01 17:34:52,228:INFO:matchms:derive_adduct_from_name:Added adduct [M-H]- to metadata.
Removed adduct M-H from compound name.
2021-12-01 17:34:52,228:INFO:matchms:derive_adduct_from_name:Removed adduct M-H from compound name.
Added adduct [M-H]- to metadata.
2021-12-01 17:34:52,228:INFO:matchms:derive_adduct_from_name:Added adduct [M-H]- to metadata.
Removed adduct M-H from compound name.
2021-12-01 17:34:52,228:INFO:matchms:derive_adduct_from_name:Removed adduct M-H from compound name.
Added adduct [M-H]- to metadata.
2021-12-01 17:34:52,242:INFO:matchms:derive_adduct_from_name:Added adduct [M-H]- to metadata.
Removed adduct M+FA-H from compound name.
2021-12-01 17:34:52,243:INFO:matchms:derive_adduct_from_name:Removed adduct M+FA-H from compound name.
Added adduct [M+FA-H]- to metadata.
2021-12-01 17:34:52,243:INFO:matchms:derive_adduct_from_name:Added adduct [M+FA-H]- to metadata.
Removed adduct M-H from compound name.
2021-12-01 17:34:52,244:INFO:matchms:derive_adduct_from_name:Removed adduct M-H from compound name.
Added adduct [M-H]- to metadata.
2021-12-01 17:34:52,244:INFO:matchms:derive_adduct_from_name:Added adduct [M-H]- to metadata.
Removed adduct M-H from compound name.
2021-12-01 17:34:52,244:INFO:matchms:derive_adduct_from_name:Removed adduct M-H from compound name.
Added adduct [M-H]- to metadata.
2021-12-01 17:34:52,244:INFO:matchms:derive_adduct_from_name:Added adduct [M-H]- to metadata.
Removed adduct M-H from compound name.
2021-12-01 17:34:52,244:INFO:matchms:derive_adduct_from_name:Removed adduct M-H from compound name.
Added adduct [M-H]- to metadata.
2021-12-01 17:34:52,244:INFO:matchms:derive_adduct_from_name:Added adduct [M-H]- to metadata.
Removed adduct M-H from compound name.
2021-12-01 17:34:52,244:INFO:matchms:derive_adduct_from_name:Removed adduct M-H from compound name.
Added adduct [M-H]- to metadata.
2021-12-01 17:34:52,244:INFO:matchms:derive_adduct_from_name:Added adduct [M-H]- to metadata.
Removed adduct M+Cl from compound name.
2021-12-01 17:34:52,244:INFO:matchms:derive_adduct_from_name:Removed adduct M+Cl from compound name.
Added adduct [M+Cl]- to metadata.
2021-12-01 17:34:52,244:INFO:matchms:derive_adduct_from_name:Added adduct [M+Cl]- to metadata.
Removed adduct M-H from compound name.
2021-12-01 17:34:52,244:INFO:matchms:derive_adduct_from_name:Removed adduct M-H from compound name.
Added adduct [M-H]- to metadata.
2021-12-01 17:34:52,244:INFO:matchms:derive_adduct_from_name:Added adduct [M-H]- to metadata.
Removed adduct M+FA-H from compound name.
2021-12-01 17:34:52,244:INFO:matchms:derive_adduct_from_name:Removed adduct M+FA-H from compound name.
Added adduct [M+FA-H]- to metadata.
2021-12-01 17:34:52,244:INFO:matchms:derive_adduct_from_name:Added adduct [M+FA-H]- to metadata.
Removed adduct M+FA-H from compound name.
2021-12-01 17:34:52,255:INFO:matchms:derive_adduct_from_name:Removed adduct M+FA-H from compound name.
Added adduct [M+FA-H]- to metadata.
2021-12-01 17:34:52,256:INFO:matchms:derive_adduct_from_name:Added adduct [M+FA-H]- to metadata.
Removed adduct M-H from compound name.
2021-12-01 17:34:52,267:INFO:matchms:derive_adduct_from_name:Removed adduct M-H from compound name.
Added adduct [M-H]- to metadata.
2021-12-01 17:34:52,267:INFO:matchms:derive_adduct_from_name:Added adduct [M-H]- to metadata.
Removed adduct M+FA-H from compound name.
2021-12-01 17:34:52,279:INFO:matchms:derive_adduct_from_name:Removed adduct M+FA-H from compound name.
Added adduct [M+FA-H]- to metadata.
2021-12-01 17:34:52,279:INFO:matchms:derive_adduct_from_name:Added adduct [M+FA-H]- to metadata.
Removed adduct M+Cl from compound name.
2021-12-01 17:34:52,281:INFO:matchms:derive_adduct_from_name:Removed adduct M+Cl from compound name.
Added adduct [M+Cl]- to metadata.
2021-12-01 17:34:52,283:INFO:matchms:derive_adduct_from_name:Added adduct [M+Cl]- to metadata.
Removed adduct M-H from compound name.
2021-12-01 17:34:52,291:INFO:matchms:derive_adduct_from_name:Removed adduct M-H from compound name.
Added adduct [M-H]- to metadata.
2021-12-01 17:34:52,291:INFO:matchms:derive_adduct_from_name:Added adduct [M-H]- to metadata.
Removed adduct M+FA-H from compound name.
2021-12-01 17:34:52,294:INFO:matchms:derive_adduct_from_name:Removed adduct M+FA-H from compound name.
Added adduct [M+FA-H]- to metadata.
2021-12-01 17:34:52,296:INFO:matchms:derive_adduct_from_name:Added adduct [M+FA-H]- to metadata.
Removed adduct M-H from compound name.
2021-12-01 17:34:52,303:INFO:matchms:derive_adduct_from_name:Removed adduct M-H from compound name.
Added adduct [M-H]- to metadata.
2021-12-01 17:34:52,303:INFO:matchms:derive_adduct_from_name:Added adduct [M-H]- to metadata.
Removed adduct M-H from compound name.
2021-12-01 17:34:52,314:INFO:matchms:derive_adduct_from_name:Removed adduct M-H from compound name.
Added adduct [M-H]- to metadata.
2021-12-01 17:34:52,314:INFO:matchms:derive_adduct_from_name:Added adduct [M-H]- to metadata.
Removed adduct M+Cl from compound name.
2021-12-01 17:34:52,329:INFO:matchms:derive_adduct_from_name:Removed adduct M+Cl from compound name.
Added adduct [M+Cl]- to metadata.
2021-12-01 17:34:52,330:INFO:matchms:derive_adduct_from_name:Added adduct [M+Cl]- to metadata.
Removed adduct M-H from compound name.
2021-12-01 17:34:52,370:INFO:matchms:derive_adduct_from_name:Removed adduct M-H from compound name.
Added adduct [M-H]- to metadata.
2021-12-01 17:34:52,370:INFO:matchms:derive_adduct_from_name:Added adduct [M-H]- to metadata.
Removed adduct M-H from compound name.
2021-12-01 17:34:52,373:INFO:matchms:derive_adduct_from_name:Removed adduct M-H from compound name.
Added adduct [M-H]- to metadata.
2021-12-01 17:34:52,373:INFO:matchms:derive_adduct_from_name:Added adduct [M-H]- to metadata.
Removed adduct M+FA-H from compound name.
2021-12-01 17:34:52,373:INFO:matchms:derive_adduct_from_name:Removed adduct M+FA-H from compound name.
Added adduct [M+FA-H]- to metadata.
2021-12-01 17:34:52,375:INFO:matchms:derive_adduct_from_name:Added adduct [M+FA-H]- to metadata.
Removed adduct M-H from compound name.
2021-12-01 17:34:52,378:INFO:matchms:derive_adduct_from_name:Removed adduct M-H from compound name.
Added adduct [M-H]- to metadata.
2021-12-01 17:34:52,378:INFO:matchms:derive_adduct_from_name:Added adduct [M-H]- to metadata.
Removed adduct M+Cl from compound name.
2021-12-01 17:34:52,385:INFO:matchms:derive_adduct_from_name:Removed adduct M+Cl from compound name.
Added adduct [M+Cl]- to metadata.
2021-12-01 17:34:52,385:INFO:matchms:derive_adduct_from_name:Added adduct [M+Cl]- to metadata.
Removed adduct M-H from compound name.
2021-12-01 17:34:52,393:INFO:matchms:derive_adduct_from_name:Removed adduct M-H from compound name.
Added adduct [M-H]- to metadata.
2021-12-01 17:34:52,395:INFO:matchms:derive_adduct_from_name:Added adduct [M-H]- to metadata.
Removed adduct M-H from compound name.
2021-12-01 17:34:52,405:INFO:matchms:derive_adduct_from_name:Removed adduct M-H from compound name.
Added adduct [M-H]- to metadata.
2021-12-01 17:34:52,406:INFO:matchms:derive_adduct_from_name:Added adduct [M-H]- to metadata.
Removed adduct M+Cl from compound name.
2021-12-01 17:34:52,416:INFO:matchms:derive_adduct_from_name:Removed adduct M+Cl from compound name.
Added adduct [M+Cl]- to metadata.
2021-12-01 17:34:52,423:INFO:matchms:derive_adduct_from_name:Added adduct [M+Cl]- to metadata.
Removed adduct M-H from compound name.
2021-12-01 17:34:52,431:INFO:matchms:derive_adduct_from_name:Removed adduct M-H from compound name.
Added adduct [M-H]- to metadata.
2021-12-01 17:34:52,431:INFO:matchms:derive_adduct_from_name:Added adduct [M-H]- to metadata.
Removed adduct M-H from compound name.
2021-12-01 17:34:52,433:INFO:matchms:derive_adduct_from_name:Removed adduct M-H from compound name.
Added adduct [M-H]- to metadata.
2021-12-01 17:34:52,433:INFO:matchms:derive_adduct_from_name:Added adduct [M-H]- to metadata.
Removed adduct M-H from compound name.
2021-12-01 17:34:52,436:INFO:matchms:derive_adduct_from_name:Removed adduct M-H from compound name.
Added adduct [M-H]- to metadata.
2021-12-01 17:34:52,436:INFO:matchms:derive_adduct_from_name:Added adduct [M-H]- to metadata.
Removed adduct M+Cl from compound name.
2021-12-01 17:34:52,440:INFO:matchms:derive_adduct_from_name:Removed adduct M+Cl from compound name.
Added adduct [M+Cl]- to metadata.
2021-12-01 17:34:52,440:INFO:matchms:derive_adduct_from_name:Added adduct [M+Cl]- to metadata.
Removed adduct M-H from compound name.
2021-12-01 17:34:52,445:INFO:matchms:derive_adduct_from_name:Removed adduct M-H from compound name.
Added adduct [M-H]- to metadata.
2021-12-01 17:34:52,446:INFO:matchms:derive_adduct_from_name:Added adduct [M-H]- to metadata.
Removed adduct M-H from compound name.
2021-12-01 17:34:52,447:INFO:matchms:derive_adduct_from_name:Removed adduct M-H from compound name.
Added adduct [M-H]- to metadata.
2021-12-01 17:34:52,448:INFO:matchms:derive_adduct_from_name:Added adduct [M-H]- to metadata.
Removed adduct M+Cl from compound name.
2021-12-01 17:34:52,450:INFO:matchms:derive_adduct_from_name:Removed adduct M+Cl from compound name.
Added adduct [M+Cl]- to metadata.
2021-12-01 17:34:52,450:INFO:matchms:derive_adduct_from_name:Added adduct [M+Cl]- to metadata.
Removed adduct M-H from compound name.
2021-12-01 17:34:52,452:INFO:matchms:derive_adduct_from_name:Removed adduct M-H from compound name.
Added adduct [M-H]- to metadata.
2021-12-01 17:34:52,452:INFO:matchms:derive_adduct_from_name:Added adduct [M-H]- to metadata.
